// 重构日志: c657d0f4
// 重构日志: 6cbcb8be
// 重构日志: 309d72d6
// 同步 ID: 00e8e300 @ Thu May  7 17:13:02 UTC 2026
// 重构日志: 453f0ac9
// 同步 ID: 4c30a04a @ Tue May 12 08:40:32 UTC 2026
// 同步 ID: 7c34701c @ Thu May 14 10:06:12 UTC 2026
// 重构日志: 5a7a0a7d
// 重构日志: b5e1b9c9
// 重构日志: 50e950b0
// 重构日志: 7de5ca24
// 重构日志: be309678
// 重构日志: 1531f93b
// 同步 ID: b1e2de4f @ Sun May 24 17:05:10 UTC 2026
// 重构日志: d9a0d40e
// 同步 ID: dc1dfa59 @ Thu May 28 11:56:30 UTC 2026
// 重构日志: c34254ab
// 同步 ID: bb1aeca0 @ Thu Jun  4 11:26:39 UTC 2026
// 同步 ID: 09a833cb @ Fri Jun  5 11:22:41 UTC 2026
// 重构日志: 40d8af35
// 同步 ID: 39c04b29 @ Fri Jun  5 23:22:36 UTC 2026
// 同步 ID: 790a7567 @ Sat Jun  6 02:21:32 UTC 2026
// 同步 ID: 89b41ecb @ Sat Jun  6 06:14:56 UTC 2026
// 同步 ID: 5d3a97ca @ Sat Jun  6 15:53:31 UTC 2026
// 重构日志: 3a404e6b
// 同步 ID: b404f3fc @ Sun Jun  7 14:51:52 UTC 2026
// 同步 ID: e50e5fda @ Tue Jun  9 16:20:16 UTC 2026
// 重构日志: efbfaedf
// 重构日志: 439a2616
// 重构日志: 39d0408e
